<?xml version="1.0" encoding="UTF-8"?>
<testng-results ignored="0" total="1" passed="1" failed="0" skipped="0">
  <reporter-output>
  </reporter-output>
  <suite started-at="2022-05-10T22:11:03 IST" name="Default suite" finished-at="2022-05-10T22:11:24 IST" duration-ms="21035">
    <groups>
    </groups>
    <test started-at="2022-05-10T22:11:03 IST" name="Default test" finished-at="2022-05-10T22:11:24 IST" duration-ms="21035">
      <class name="com.vandvtechsolutions.inetbanking.testcases.LoginTC001">
        <test-method is-config="true" signature="init()[pri:0, instance:com.vandvtechsolutions.inetbanking.testcases.LoginTC001@3ba9ad43]" started-at="2022-05-10T22:11:03 IST" name="init" finished-at="2022-05-10T22:11:03 IST" duration-ms="553" status="PASS">
          <reporter-output>
          </reporter-output>
        </test-method> <!-- init -->
        <test-method is-config="true" signature="setup(java.lang.String)[pri:0, instance:com.vandvtechsolutions.inetbanking.testcases.LoginTC001@3ba9ad43]" started-at="2022-05-10T22:11:03 IST" name="setup" finished-at="2022-05-10T22:11:13 IST" duration-ms="9167" status="PASS">
          <params>
            <param index="0">
              <value>
                <![CDATA[Chrome]]>
              </value>
            </param>
          </params>
          <reporter-output>
          </reporter-output>
        </test-method> <!-- setup -->
        <test-method signature="verifyLoginFunctionalityTC001()[pri:0, instance:com.vandvtechsolutions.inetbanking.testcases.LoginTC001@3ba9ad43]" started-at="2022-05-10T22:11:13 IST" name="verifyLoginFunctionalityTC001" finished-at="2022-05-10T22:11:14 IST" duration-ms="1741" status="PASS">
          <reporter-output>
          </reporter-output>
        </test-method> <!-- verifyLoginFunctionalityTC001 -->
        <test-method is-config="true" signature="tearDown()[pri:0, instance:com.vandvtechsolutions.inetbanking.testcases.LoginTC001@3ba9ad43]" started-at="2022-05-10T22:11:14 IST" name="tearDown" finished-at="2022-05-10T22:11:24 IST" duration-ms="10108" status="PASS">
          <reporter-output>
          </reporter-output>
        </test-method> <!-- tearDown -->
      </class> <!-- com.vandvtechsolutions.inetbanking.testcases.LoginTC001 -->
    </test> <!-- Default test -->
  </suite> <!-- Default suite -->
</testng-results>
